<?xml version="1.0" encoding="UTF-8"?>
<!-- Generated by org.testng.reporters.JUnitXMLReporter -->
<testsuite hostname="EXPLTDC1PBT8H4W" name="Test" tests="4"
	failures="1" timestamp="26 Oct 2017 18:50:36 GMT" time="8.031" errors="0">
	<testcase name="SampleCase" time="2.511" classname="tests.SampleCase1">
		<skipped />
	</testcase> <!-- SampleCase -->
	<testcase name="SampleCase" time="1.919" classname="tests.SampleCase1">
		<skipped />
	</testcase> <!-- SampleCase -->
	<testcase name="SampleCase" time="1.734" classname="tests.SampleCase1">
		<skipped />
	</testcase> <!-- SampleCase -->
	<testcase name="SampleCase" time="1.839" classname="tests.SampleCase1">
		<failure type="java.lang.IllegalStateException" message="Test Failed">
      <![CDATA[java.lang.IllegalStateException: Test Failed
	at org.apache.http.util.Asserts.check(Asserts.java:34)
	at tests.SampleCase1.SampleCase(SampleCase1.java:35)
... Removed 24 stack frames]]>
		</failure>
	</testcase> <!-- SampleCase -->
</testsuite> <!-- Test -->
