<!DOCTYPE html PUBLIC "-//W3C//DTD XHTML 1.1//EN" "http://www.w3.org/TR/xhtml11/DTD/xhtml11.dtd">
<html xmlns="http://www.w3.org/1999/xhtml"><head><title>TestNG Report</title><style type="text/css">table {margin-bottom:10px;border-collapse:collapse;empty-cells:show}th,td {border:1px solid #009;padding:.25em .5em}th {vertical-align:bottom}td {vertical-align:top}table a {font-weight:bold}.stripe td {background-color: #E6EBF9}.num {text-align:right}.passedodd td {background-color: #3F3}.passedeven td {background-color: #0A0}.skippedodd td {background-color: #DDD}.skippedeven td {background-color: #CCC}.failedodd td,.attn {background-color: #F33}.failedeven td,.stripe .attn {background-color: #D00}.stacktrace {white-space:pre;font-family:monospace}.totop {font-size:85%;text-align:center;border-bottom:2px solid #000}</style></head><body><table><tr><th>Test</th><th># Passed</th><th># Skipped</th><th># Failed</th><th>Time (ms)</th><th>Included Groups</th><th>Excluded Groups</th></tr><tr><th colspan="7">Suite</th></tr><tr><td><a href="#t0">Test</a></td><td class="num">4</td><td class="num attn">3</td><td class="num">0</td><td class="num">152,263</td><td></td><td></td></tr></table><table><thead><tr><th>Class</th><th>Method</th><th>Start</th><th>Time (ms)</th></tr></thead><tbody><tr><th colspan="4">Suite</th></tr></tbody><tbody id="t0"><tr><th colspan="4">Test &#8212; failed (configuration methods)</th></tr><tr class="failedeven"><td rowspan="3">tests.STS_RemorseCancelEntireOrder</td><td><a href="#m0">Capture_Screenshot</a></td><td rowspan="2">1513629353369</td><td rowspan="2">0</td></tr><tr class="failedeven"><td><a href="#m1">Capture_Screenshot</a></td></tr><tr class="failedeven"><td><a href="#m2">teardown</a></td><td rowspan="1">1513629353389</td><td rowspan="1">0</td></tr><tr><th colspan="4">Test &#8212; skipped</th></tr><tr class="skippedeven"><td rowspan="3">tests.STS_RemorseCancelEntireOrder</td><td><a href="#m3">CSR_RemorseCancel</a></td><td rowspan="3">1513629348331</td><td rowspan="3">5036</td></tr><tr class="skippedeven"><td><a href="#m4">CSR_RemorseCancel</a></td></tr><tr class="skippedeven"><td><a href="#m5">CSR_RemorseCancel</a></td></tr><tr><th colspan="4">Test &#8212; passed</th></tr><tr class="passedeven"><td rowspan="1">tests.BOPIS_CSROrder</td><td><a href="#m6">CSR_Order</a></td><td rowspan="1">1513629265361</td><td rowspan="1">128392</td></tr><tr class="passedodd"><td rowspan="1">tests.SFS_CSROrder</td><td><a href="#m7">CSR_Order</a></td><td rowspan="1">1513629264710</td><td rowspan="1">135375</td></tr><tr class="passedeven"><td rowspan="1">tests.STS_CSROrder</td><td><a href="#m8">CSR_Order</a></td><td rowspan="1">1513629266896</td><td rowspan="1">123174</td></tr><tr class="passedodd"><td rowspan="1">tests.STS_SLMQ_Visa</td><td><a href="#m9">CSR_STS_SLMQ_Visa</a></td><td rowspan="1">1513629265221</td><td rowspan="1">144226</td></tr></tbody></table><h2>Test</h2><h3 id="m0">tests.STS_RemorseCancelEntireOrder#Capture_Screenshot</h3><table class="result"><tr class="param"><th>Parameter #1</th></tr><tr class="param stripe"><td>[TestResult name=CSR_RemorseCancel status=SKIP method=STS_RemorseCancelEntireOrder.CSR_RemorseCancel()[pri:0, instance:tests.STS_RemorseCancelEntireOrder@31a5c39e] output=Completed executing following method : STS_RemorseCancelEntireOrder.CSR_RemorseCancel]</td></tr><tr><th>Messages</th></tr><tr><td><div class="messages">Completed executing following method : STS_RemorseCancelEntireOrder.Capture_Screenshot</div></td></tr><tr><th>Exception</th></tr><tr><td><div class="stacktrace">org.openqa.selenium.UnhandledAlertException: unexpected alert open: {Alert text : }
  (Session info: chrome=63.0.3239.84)
  (Driver info: chromedriver=2.33.506120 (e3e53437346286c0bc2d2dc9aa4915ba81d9023f),platform=Windows NT 6.1.7601 SP1 x86_64) (WARNING: The server did not provide any stacktrace information)
Command duration or timeout: 3 milliseconds: null
Build info: version: &apos;2.53.1&apos;, revision: &apos;a36b8b1cd5757287168e54b817830adce9b0158d&apos;, time: &apos;2016-06-30 19:26:09&apos;
System info: host: &apos;EXPLTDC1PBT8H4W&apos;, ip: &apos;172.26.218.167&apos;, os.name: &apos;Windows 7&apos;, os.arch: &apos;amd64&apos;, os.version: &apos;6.1&apos;, java.version: &apos;1.8.0_101&apos;
Driver info: org.openqa.selenium.chrome.ChromeDriver
Capabilities [{applicationCacheEnabled=false, rotatable=false, mobileEmulationEnabled=false, networkConnectionEnabled=false, chrome={chromedriverVersion=2.33.506120 (e3e53437346286c0bc2d2dc9aa4915ba81d9023f), userDataDir=C:\Users\hnanjala\AppData\Local\Temp\scoped_dir7884_9440}, takesHeapSnapshot=true, pageLoadStrategy=normal, databaseEnabled=false, handlesAlerts=true, hasTouchScreen=false, version=63.0.3239.84, platform=XP, browserConnectionEnabled=false, nativeEvents=true, acceptSslCerts=true, locationContextEnabled=true, webStorageEnabled=true, browserName=chrome, takesScreenshot=true, javascriptEnabled=true, cssSelectorsEnabled=true, setWindowRect=true, unexpectedAlertBehaviour=}]
Session ID: 852634eae9aff672cd226453d292b5ab
	at org.openqa.selenium.remote.ErrorHandler.createThrowable(ErrorHandler.java:206)
	at org.openqa.selenium.remote.ErrorHandler.throwIfResponseFailed(ErrorHandler.java:164)
	at org.openqa.selenium.remote.RemoteWebDriver.execute(RemoteWebDriver.java:678)
	at org.openqa.selenium.remote.RemoteWebDriver.execute(RemoteWebDriver.java:701)
	at org.openqa.selenium.remote.RemoteWebDriver.getScreenshotAs(RemoteWebDriver.java:335)
	at utilities.GenericFunctions.Capture_Screenshot(GenericFunctions.java:91)
	at tests.STS_RemorseCancelEntireOrder.Capture_Screenshot(STS_RemorseCancelEntireOrder.java:132)
	at java.util.concurrent.ThreadPoolExecutor.runWorker(ThreadPoolExecutor.java:1142)
	at java.util.concurrent.ThreadPoolExecutor$Worker.run(ThreadPoolExecutor.java:617)
	at java.lang.Thread.run(Thread.java:745)
... Removed 16 stack frames</div></td></tr></table><p class="totop"><a href="#summary">back to summary</a></p><h3 id="m1">tests.STS_RemorseCancelEntireOrder#Capture_Screenshot</h3><table class="result"><tr class="param"><th>Parameter #1</th></tr><tr class="param stripe"><td>[TestResult name=CSR_RemorseCancel status=SKIP method=STS_RemorseCancelEntireOrder.CSR_RemorseCancel()[pri:0, instance:tests.STS_RemorseCancelEntireOrder@31a5c39e] output={null}]</td></tr><tr><th>Messages</th></tr><tr><td><div class="messages">Completed executing following method : STS_RemorseCancelEntireOrder.Capture_Screenshot</div></td></tr><tr><th>Exception</th></tr><tr><td><div class="stacktrace">org.openqa.selenium.UnhandledAlertException: unexpected alert open: {Alert text : }
  (Session info: chrome=63.0.3239.84)
  (Driver info: chromedriver=2.33.506120 (e3e53437346286c0bc2d2dc9aa4915ba81d9023f),platform=Windows NT 6.1.7601 SP1 x86_64) (WARNING: The server did not provide any stacktrace information)
Command duration or timeout: 4 milliseconds: null
Build info: version: &apos;2.53.1&apos;, revision: &apos;a36b8b1cd5757287168e54b817830adce9b0158d&apos;, time: &apos;2016-06-30 19:26:09&apos;
System info: host: &apos;EXPLTDC1PBT8H4W&apos;, ip: &apos;172.26.218.167&apos;, os.name: &apos;Windows 7&apos;, os.arch: &apos;amd64&apos;, os.version: &apos;6.1&apos;, java.version: &apos;1.8.0_101&apos;
Driver info: org.openqa.selenium.chrome.ChromeDriver
Capabilities [{applicationCacheEnabled=false, rotatable=false, mobileEmulationEnabled=false, networkConnectionEnabled=false, chrome={chromedriverVersion=2.33.506120 (e3e53437346286c0bc2d2dc9aa4915ba81d9023f), userDataDir=C:\Users\hnanjala\AppData\Local\Temp\scoped_dir7884_9440}, takesHeapSnapshot=true, pageLoadStrategy=normal, databaseEnabled=false, handlesAlerts=true, hasTouchScreen=false, version=63.0.3239.84, platform=XP, browserConnectionEnabled=false, nativeEvents=true, acceptSslCerts=true, locationContextEnabled=true, webStorageEnabled=true, browserName=chrome, takesScreenshot=true, javascriptEnabled=true, cssSelectorsEnabled=true, setWindowRect=true, unexpectedAlertBehaviour=}]
Session ID: 852634eae9aff672cd226453d292b5ab
	at org.openqa.selenium.remote.ErrorHandler.createThrowable(ErrorHandler.java:206)
	at org.openqa.selenium.remote.ErrorHandler.throwIfResponseFailed(ErrorHandler.java:164)
	at org.openqa.selenium.remote.RemoteWebDriver.execute(RemoteWebDriver.java:678)
	at org.openqa.selenium.remote.RemoteWebDriver.execute(RemoteWebDriver.java:701)
	at org.openqa.selenium.remote.RemoteWebDriver.getScreenshotAs(RemoteWebDriver.java:335)
	at utilities.GenericFunctions.Capture_Screenshot(GenericFunctions.java:91)
	at tests.STS_RemorseCancelEntireOrder.Capture_Screenshot(STS_RemorseCancelEntireOrder.java:132)
	at java.util.concurrent.ThreadPoolExecutor.runWorker(ThreadPoolExecutor.java:1142)
	at java.util.concurrent.ThreadPoolExecutor$Worker.run(ThreadPoolExecutor.java:617)
	at java.lang.Thread.run(Thread.java:745)
... Removed 16 stack frames</div></td></tr></table><p class="totop"><a href="#summary">back to summary</a></p><h3 id="m2">tests.STS_RemorseCancelEntireOrder#teardown</h3><table class="result"><tr><th>Messages</th></tr><tr><td><div class="messages">Completed executing following method : STS_RemorseCancelEntireOrder.teardown</div></td></tr><tr><th>Exception</th></tr><tr><td><div class="stacktrace">org.openqa.selenium.WebDriverException: unknown error: failed to close window in 20 seconds
  (Session info: chrome=63.0.3239.84)
  (Driver info: chromedriver=2.33.506120 (e3e53437346286c0bc2d2dc9aa4915ba81d9023f),platform=Windows NT 6.1.7601 SP1 x86_64) (WARNING: The server did not provide any stacktrace information)
Command duration or timeout: 20.08 seconds
Build info: version: &apos;2.53.1&apos;, revision: &apos;a36b8b1cd5757287168e54b817830adce9b0158d&apos;, time: &apos;2016-06-30 19:26:09&apos;
System info: host: &apos;EXPLTDC1PBT8H4W&apos;, ip: &apos;172.26.218.167&apos;, os.name: &apos;Windows 7&apos;, os.arch: &apos;amd64&apos;, os.version: &apos;6.1&apos;, java.version: &apos;1.8.0_101&apos;
Driver info: org.openqa.selenium.chrome.ChromeDriver
Capabilities [{applicationCacheEnabled=false, rotatable=false, mobileEmulationEnabled=false, networkConnectionEnabled=false, chrome={chromedriverVersion=2.33.506120 (e3e53437346286c0bc2d2dc9aa4915ba81d9023f), userDataDir=C:\Users\hnanjala\AppData\Local\Temp\scoped_dir7884_9440}, takesHeapSnapshot=true, pageLoadStrategy=normal, databaseEnabled=false, handlesAlerts=true, hasTouchScreen=false, version=63.0.3239.84, platform=XP, browserConnectionEnabled=false, nativeEvents=true, acceptSslCerts=true, locationContextEnabled=true, webStorageEnabled=true, browserName=chrome, takesScreenshot=true, javascriptEnabled=true, cssSelectorsEnabled=true, setWindowRect=true, unexpectedAlertBehaviour=}]
Session ID: 852634eae9aff672cd226453d292b5ab
	at org.openqa.selenium.remote.ErrorHandler.createThrowable(ErrorHandler.java:206)
	at org.openqa.selenium.remote.ErrorHandler.throwIfResponseFailed(ErrorHandler.java:158)
	at org.openqa.selenium.remote.RemoteWebDriver.execute(RemoteWebDriver.java:678)
	at org.openqa.selenium.remote.RemoteWebDriver.execute(RemoteWebDriver.java:701)
	at org.openqa.selenium.remote.RemoteWebDriver.close(RemoteWebDriver.java:521)
	at tests.STS_RemorseCancelEntireOrder.teardown(STS_RemorseCancelEntireOrder.java:139)
	at java.util.concurrent.ThreadPoolExecutor.runWorker(ThreadPoolExecutor.java:1142)
	at java.util.concurrent.ThreadPoolExecutor$Worker.run(ThreadPoolExecutor.java:617)
	at java.lang.Thread.run(Thread.java:745)
... Removed 14 stack frames</div></td></tr></table><p class="totop"><a href="#summary">back to summary</a></p><h3 id="m3">tests.STS_RemorseCancelEntireOrder#CSR_RemorseCancel</h3><table class="result"><tr><th>Messages</th></tr><tr><td><div class="messages">Completed executing following method : STS_RemorseCancelEntireOrder.CSR_RemorseCancel<br/>Test Method resides in tests.STS_RemorseCancelEntireOrder<br/>Test Status: Skipped<br/>About to begin executing following method : STS_RemorseCancelEntireOrder.Capture_Screenshot</div></td></tr><tr><th>Exception</th></tr><tr><td><div class="stacktrace">org.openqa.selenium.UnhandledAlertException: unexpected alert open: {Alert text : }
  (Session info: chrome=63.0.3239.84)
  (Driver info: chromedriver=2.33.506120 (e3e53437346286c0bc2d2dc9aa4915ba81d9023f),platform=Windows NT 6.1.7601 SP1 x86_64) (WARNING: The server did not provide any stacktrace information)
Command duration or timeout: 2 milliseconds: null
Build info: version: &apos;2.53.1&apos;, revision: &apos;a36b8b1cd5757287168e54b817830adce9b0158d&apos;, time: &apos;2016-06-30 19:26:09&apos;
System info: host: &apos;EXPLTDC1PBT8H4W&apos;, ip: &apos;172.26.218.167&apos;, os.name: &apos;Windows 7&apos;, os.arch: &apos;amd64&apos;, os.version: &apos;6.1&apos;, java.version: &apos;1.8.0_101&apos;
Driver info: org.openqa.selenium.chrome.ChromeDriver
Capabilities [{applicationCacheEnabled=false, rotatable=false, mobileEmulationEnabled=false, networkConnectionEnabled=false, chrome={chromedriverVersion=2.33.506120 (e3e53437346286c0bc2d2dc9aa4915ba81d9023f), userDataDir=C:\Users\hnanjala\AppData\Local\Temp\scoped_dir7884_9440}, takesHeapSnapshot=true, pageLoadStrategy=normal, databaseEnabled=false, handlesAlerts=true, hasTouchScreen=false, version=63.0.3239.84, platform=XP, browserConnectionEnabled=false, nativeEvents=true, acceptSslCerts=true, locationContextEnabled=true, webStorageEnabled=true, browserName=chrome, takesScreenshot=true, javascriptEnabled=true, cssSelectorsEnabled=true, setWindowRect=true, unexpectedAlertBehaviour=}]
Session ID: 852634eae9aff672cd226453d292b5ab
*** Element info: {Using=id, value=textfield-1019-inputEl}
	at org.openqa.selenium.remote.ErrorHandler.createThrowable(ErrorHandler.java:206)
	at org.openqa.selenium.remote.ErrorHandler.throwIfResponseFailed(ErrorHandler.java:164)
	at org.openqa.selenium.remote.RemoteWebDriver.execute(RemoteWebDriver.java:678)
	at org.openqa.selenium.remote.RemoteWebDriver.findElement(RemoteWebDriver.java:363)
	at org.openqa.selenium.remote.RemoteWebDriver.findElementById(RemoteWebDriver.java:413)
	at org.openqa.selenium.By$ById.findElement(By.java:218)
	at org.openqa.selenium.remote.RemoteWebDriver.findElement(RemoteWebDriver.java:355)
	at utilities.AppGenericFunctions.Login_EOM(AppGenericFunctions.java:33)
	at tests.STS_RemorseCancelEntireOrder.CSR_RemorseCancel(STS_RemorseCancelEntireOrder.java:90)
	at java.util.concurrent.ThreadPoolExecutor.runWorker(ThreadPoolExecutor.java:1142)
	at java.util.concurrent.ThreadPoolExecutor$Worker.run(ThreadPoolExecutor.java:617)
	at java.lang.Thread.run(Thread.java:745)
... Removed 14 stack frames</div></td></tr></table><p class="totop"><a href="#summary">back to summary</a></p><h3 id="m4">tests.STS_RemorseCancelEntireOrder#CSR_RemorseCancel</h3><table class="result"></table><p class="totop"><a href="#summary">back to summary</a></p><h3 id="m5">tests.STS_RemorseCancelEntireOrder#CSR_RemorseCancel</h3><table class="result"><tr><th>Messages</th></tr><tr><td><div class="messages">Completed executing following method : STS_RemorseCancelEntireOrder.CSR_RemorseCancel<br/>Test Method resides in tests.STS_RemorseCancelEntireOrder<br/>Test Status: Skipped<br/>About to begin executing following method : STS_RemorseCancelEntireOrder.Capture_Screenshot</div></td></tr><tr><th>Exception</th></tr><tr><td><div class="stacktrace">org.openqa.selenium.ElementNotVisibleException: element not visible
  (Session info: chrome=63.0.3239.84)
  (Driver info: chromedriver=2.33.506120 (e3e53437346286c0bc2d2dc9aa4915ba81d9023f),platform=Windows NT 6.1.7601 SP1 x86_64) (WARNING: The server did not provide any stacktrace information)
Command duration or timeout: 28 milliseconds
Build info: version: &apos;2.53.1&apos;, revision: &apos;a36b8b1cd5757287168e54b817830adce9b0158d&apos;, time: &apos;2016-06-30 19:26:09&apos;
System info: host: &apos;EXPLTDC1PBT8H4W&apos;, ip: &apos;172.26.218.167&apos;, os.name: &apos;Windows 7&apos;, os.arch: &apos;amd64&apos;, os.version: &apos;6.1&apos;, java.version: &apos;1.8.0_101&apos;
Driver info: org.openqa.selenium.chrome.ChromeDriver
Capabilities [{applicationCacheEnabled=false, rotatable=false, mobileEmulationEnabled=false, networkConnectionEnabled=false, chrome={chromedriverVersion=2.33.506120 (e3e53437346286c0bc2d2dc9aa4915ba81d9023f), userDataDir=C:\Users\hnanjala\AppData\Local\Temp\scoped_dir7884_9440}, takesHeapSnapshot=true, pageLoadStrategy=normal, databaseEnabled=false, handlesAlerts=true, hasTouchScreen=false, version=63.0.3239.84, platform=XP, browserConnectionEnabled=false, nativeEvents=true, acceptSslCerts=true, locationContextEnabled=true, webStorageEnabled=true, browserName=chrome, takesScreenshot=true, javascriptEnabled=true, cssSelectorsEnabled=true, setWindowRect=true, unexpectedAlertBehaviour=}]
Session ID: 852634eae9aff672cd226453d292b5ab
	at org.openqa.selenium.remote.ErrorHandler.createThrowable(ErrorHandler.java:206)
	at org.openqa.selenium.remote.ErrorHandler.throwIfResponseFailed(ErrorHandler.java:158)
	at org.openqa.selenium.remote.RemoteWebDriver.execute(RemoteWebDriver.java:678)
	at org.openqa.selenium.remote.RemoteWebElement.execute(RemoteWebElement.java:327)
	at org.openqa.selenium.remote.RemoteWebElement.click(RemoteWebElement.java:85)
	at utilities.AppGenericFunctions.ProceedToPaymentAndPayWithAmex(AppGenericFunctions.java:86)
	at tests.STS_RemorseCancelEntireOrder.CSR_RemorseCancel(STS_RemorseCancelEntireOrder.java:95)
	at java.util.concurrent.ThreadPoolExecutor.runWorker(ThreadPoolExecutor.java:1142)
	at java.util.concurrent.ThreadPoolExecutor$Worker.run(ThreadPoolExecutor.java:617)
	at java.lang.Thread.run(Thread.java:745)
... Removed 14 stack frames</div></td></tr></table><p class="totop"><a href="#summary">back to summary</a></p><h3 id="m6">tests.BOPIS_CSROrder#CSR_Order</h3><table class="result"><tr><th>Messages</th></tr><tr><td><div class="messages">Completed executing following method : BOPIS_CSROrder.CSR_Order<br/>Test Method resides in tests.BOPIS_CSROrder<br/>Test Status: Pass<br/>About to begin executing following method : BOPIS_CSROrder.Capture_Screenshot</div></td></tr></table><p class="totop"><a href="#summary">back to summary</a></p><h3 id="m7">tests.SFS_CSROrder#CSR_Order</h3><table class="result"><tr><th>Messages</th></tr><tr><td><div class="messages">Completed executing following method : SFS_CSROrder.CSR_Order<br/>Test Method resides in tests.SFS_CSROrder<br/>Test Status: Pass<br/>About to begin executing following method : SFS_CSROrder.Capture_Screenshot</div></td></tr></table><p class="totop"><a href="#summary">back to summary</a></p><h3 id="m8">tests.STS_CSROrder#CSR_Order</h3><table class="result"><tr><th>Messages</th></tr><tr><td><div class="messages">Completed executing following method : STS_CSROrder.CSR_Order<br/>Test Method resides in tests.STS_CSROrder<br/>Test Status: Pass<br/>About to begin executing following method : STS_CSROrder.Capture_Screenshot</div></td></tr></table><p class="totop"><a href="#summary">back to summary</a></p><h3 id="m9">tests.STS_SLMQ_Visa#CSR_STS_SLMQ_Visa</h3><table class="result"><tr><th>Messages</th></tr><tr><td><div class="messages">Completed executing following method : STS_SLMQ_Visa.CSR_STS_SLMQ_Visa<br/>Test Method resides in tests.STS_SLMQ_Visa<br/>Test Status: Pass<br/>About to begin executing following method : STS_SLMQ_Visa.Capture_Screenshot</div></td></tr></table><p class="totop"><a href="#summary">back to summary</a></p></body></html>